### ISSUE TITLE
Random SIGSEGV in libtier0.so on .NET 10 builds: glibc-allocated object freed through tier0's operator delete (SharedMemoryProcessDataHeader::Close)

### ISSUE THREAD

**Issue by Andrey309a** [roflmuffin/CounterStrikeSharp#1427]
<html>
<body>
<html><head></head><body><h2>Summary</h2>
<p>Since we moved to the .NET 10 build of CounterStrikeSharp (2026-05-30, announcement: https://discord.com/channels/1160907911501991946/1160907911959158840/1510168456480161812) our production server dies with random <code>SIGSEGV</code>s <strong>inside <code>libtier0.so</code></strong>. The same server (same plugins, same hardware) on the previous <strong>.NET 8.0.3</strong> build stayed online for a week or more without a single crash.</p>
<p>I analysed two core dumps with gdb (with Microsoft debug symbols for <code>libcoreclr.so</code>). They are the two crashes in our history that are <em>not</em> the (separate, unrelated) <code>PackEntity</code> HUD serializer overflow.</p>
<ul>
<li><strong>Dump 1 (crash while running):</strong> the faulting code is in <code>libtier0.so</code>, called directly from <code>libcoreclr.so</code> (<code>SharedMemoryProcessDataHeader::Close</code>, a named-mutex handle being closed). The object being freed lives in a <strong>glibc malloc arena</strong>, and <code>libtier0.so</code> <strong>exports <code>operator new/delete</code></strong> (and no <code>malloc/free</code>).</li>
<li><strong>Dump 2 (crash at process exit):</strong> also inside <code>libtier0.so</code>, with a small garbage pointer (fault address <code>0xca60</code>).</li>
<li><strong><code>libcoreclr.so</code> 10.0.3 imports plain <code>operator new/delete</code>; 8.0.3 does not</strong> (only the <code>nothrow</code> <code>new</code> variants). See "Runtime imports" below.</li>
</ul>
<p>Together this looks like the allocator mismatch already described in a third-party fork (see "Related"): memory allocated through glibc but released through tier0's <code>operator delete</code>. I could not find an upstream issue about it.</p>
<h2>Environment</h2>

  |  
-- | --
OS | Rocky Linux 9.6 (LXC container on Proxmox VE 9.1.7), x86_64, glibc 2.34
Game | CS2 dedicated server (LinuxGSM), 64 slots, 40-64 players at peak
CounterStrikeSharp | Current API Version: v374 (1.0.374+Branch.main.Sha.6c02f4775edb053f39381989c373ca45f70cbb72.6c02f47)
Metamod | Metamod:Source version 2.0.0-dev+1411
Runtime (crashing) | bundled Microsoft.NETCore.App 10.0.3, libcoreclr.so 10.0.326.7603, build-id 8ff1127cb89bd81a1f04d736d13074d7a73ee40e
Runtime (stable) | Microsoft.NETCore.App 8.0.3 (same server, ran 1+ week without crashes)
Memory | container without memory limit, oom_kill 0, RSS 2.5-3.3 GB: not an OOM
Plugins (third party) | CS2-SimpleAdmin, WeaponPaints, Advertisement, Connect-Disconnect-Sound, BossHud, CS2Tags_VipTag, MultiAddonManager, CS2Fixes (Metamod). No plugin DLL references Mutex/Semaphore (binary grep of plugins/ and shared/).

<h2>Symptoms</h2>
<ul>
<li>Random <code>SIGSEGV</code>, no managed exception and no .NET message in the console; the process just dies and the supervisor restarts it.</li>
<li>Uptime at crash varies from hours to ~39 h.</li>
<li><strong>Time correlation: many crashes happen in the first hour after local midnight.</strong> Our recorded (re)start times are 00:05, 00:15, 00:20, 00:25, 00:30 and 00:40 on several nights since the end of August (older logs were rotated, so my history starts there; some restarts may have been manual). The analysed dump 1 is a crash at 00:03 after ~39 h of uptime.</li>
<li>One crash happens <strong>at process exit</strong> (dump 2), also inside <code>libtier0.so</code>.</li>
<li>Not an OOM (see table above). A separate, unrelated crash class in our server (<code>PackEntity</code> / <code>CCSCustomHudLayout</code> serializer overflow) is excluded from this report.</li>
</ul>
<h2>Dump 1: crash in a fresh thread-pool worker (19-sep, 00:03, ~39 h uptime)</h2>
<p>Backtrace of the crashing thread (<code>libcoreclr.so.dbg</code> obtained with <code>dotnet-symbol</code>; its build-id matches the one in the dump):</p>
<pre><code>#0  0x00007f5cd8a49670 in ?? () from libtier0.so                       &lt;- SIGSEGV
#1  SharedMemoryProcessDataHeader::Close (this=0x7f3b1400d460)        pal/src/sharedmemory/sharedmemory.cpp:1361
#2  SharedMemoryProcessDataHeader::~SharedMemoryProcessDataHeader      sharedmemory.cpp:1294
#3  SharedMemoryProcessDataHeader::DecRefCount                         sharedmemory.cpp:1473
#4  SharedMemoryProcessDataHeader::PalObject_Close                     sharedmemory.cpp:1238
#5  CorUnix::CPalObjectBase::ReleaseReference                          palobjbase.cpp:307
#6  CorUnix::CSimpleHandleManager::FreeHandle                          handlemgr.cpp:244
#7  CorUnix::InternalCloseHandle (hObject=0xf94)                        handleapi.cpp:299
#8  CloseHandle (hObject=0xf94)                                        handleapi.cpp:274
#9  0x00007f5b9dbcfc25 in ?? ()      (JIT-ed managed code that called CloseHandle)
</code></pre>
<p>Faulting instruction and registers:</p>
<pre><code>si_addr = 0x7f3b13ff8207
=&gt; 0x7f5cd8a49670: movzbl 0x22(%rdi),%ecx      rdi = 0x7f3b13ff81e5   (odd, unaligned: not a valid object pointer)
</code></pre>
<p>Thread context: the crashing thread (LWP 3649001) was created seconds before the crash (right after a map change, with ~14 players reconnecting at once) and is a thread-pool worker. Sibling workers created in the same burst are idle (<code>PAL_WaitForSingleObjectPrioritized(..., 20000)</code>), so there is no visible thread race.</p>
<h3>The object was allocated by glibc, not by tier0</h3>
<p><code>this</code> = <code>0x7f3b1400d460</code>. The memory around it is a <strong>glibc secondary-arena heap</strong> (64 MB aligned <code>heap_info</code> header, followed by a normal malloc chunk header with the <code>NON_MAIN_ARENA</code> bit set):</p>
&lt;details&gt;
&lt;summary&gt;gdb output&lt;/summary&gt;
<pre><code>(gdb) x/4gx 0x7f3b14000000            # heap_info: ar_ptr, prev, size, mprotect_size
0x7f3b14000000: 0x00007f3b14000020  0x0000000000000000
0x7f3b14000010: 0x0000000000212000  0x0000000000212000

(gdb) x/4gx 0x7f3b1400d450            # chunk header of `this`: prev_size, size (0xb0 | NON_MAIN_ARENA)
0x7f3b1400d450: 0x00000000000004e0  0x00000000000000b4
0x7f3b1400d460: 0x0000000000000000  0x00007f3b1400d4a8
</code></pre>
&lt;/details&gt;
<h3>libtier0.so exports the C++ allocation operators (and not malloc/free)</h3>
&lt;details&gt;
&lt;summary&gt;nm -D output&lt;/summary&gt;
<pre><code>$ nm -D --defined-only libtier0.so | grep -E ' (_Zn[wa]|_Zd[la]|je_|malloc$|free$|calloc$|realloc$)'
0000000000211a00 T _ZdaPv
0000000000211a20 T _ZdaPvm
0000000000211a60 T _ZdaPvmSt11align_val_t
0000000000211a40 T _ZdaPvSt11align_val_t
0000000000211820 T _ZdlPv
0000000000211840 T _ZdlPvm
0000000000211880 T _ZdlPvmSt11align_val_t
0000000000211860 T _ZdlPvSt11align_val_t
00000000002118a0 T _Znam
0000000000211950 T _ZnamRKSt9nothrow_t
00000000002118f0 T _ZnamSt11align_val_t
00000000002119a0 T _ZnamSt11align_val_tRKSt9nothrow_t
00000000002116c0 T _Znwm
0000000000211770 T _ZnwmRKSt9nothrow_t
0000000000211710 T _ZnwmSt11align_val_t
00000000002117c0 T _ZnwmSt11align_val_tRKSt9nothrow_t
(no malloc / free / calloc / realloc / je_* exports)
</code></pre>
&lt;/details&gt;
<h2>Runtime imports: what libcoreclr resolves dynamically (8.0.3 vs 10.0.3)</h2>
<p>Undefined (imported) <code>operator new/delete</code> symbols of the two runtimes shipped in the same folder:</p>
<pre><code>$ for v in 8.0.3 10.0.3; do echo "== $v"; nm -D --undefined-only $v/libcoreclr.so | grep -E '_Zn[wa]|_Zd[la]'; done
== 8.0.3
                 U _ZnamRKSt9nothrow_t@GLIBCXX_3.4
                 U _ZnwmRKSt9nothrow_t@GLIBCXX_3.4
== 10.0.3
                 U _ZdaPv@GLIBCXX_3.4
                 U _ZdlPv@GLIBCXX_3.4
                 U _ZdlPvRKSt9nothrow_t@GLIBCXX_3.4
                 U _Znam@GLIBCXX_3.4
                 U _ZnamRKSt9nothrow_t@GLIBCXX_3.4
                 U _Znwm@GLIBCXX_3.4
                 U _ZnwmRKSt9nothrow_t@GLIBCXX_3.4
</code></pre>
<p>So 10.0.3 imports the plain <code>operator new/delete</code> (and <code>new[]/delete[]</code>) from the global symbol scope, while 8.0.3 only imports the <code>nothrow</code> <code>new</code> variants. Since <code>libtier0.so</code> exports these operators, they can be interposed by tier0 (I did not verify the actual binding at runtime, e.g. with <code>LD_DEBUG=bindings</code>).</p>
<h2>Dump 2: crash at process exit (19-sep, 20:19)</h2>
<p>Main thread, inside <code>libtier0.so</code>, unwinding through libc exit handlers (<code>__new_exitfn_called</code>):</p>
<pre><code>si_addr = 0xca60
=&gt; 0x7f36eac65d43: mov 0x8(%r12),%rdi          r12 = 0xca58   (small garbage pointer, below 0x200000)
</code></pre>
<h2>Where the named mutex comes from</h2>
<p><code>SharedMemoryProcessDataHeader</code> is only used by PAL for <strong>named</strong> mutexes. The only ones present under <code>/tmp/.dotnet/shm/session&lt;pid&gt;/</code> on our server are files named like</p>
<pre><code>:home:&lt;user&gt;:serverfiles:game:csgo:addons:counterstrikesharp:logs:log-all20260921.txt.serilog
</code></pre>
<p>i.e. one per daily <code>log-all&lt;date&gt;.txt</code> file (consistent with Serilog's file sink in shared mode; I have not verified how CounterStrikeSharp configures it). A new one appears at every day change and the previous day's file stops being touched (e.g. previous day's file last modified 23:59:29, new day's file still being modified hours later). I could not verify what closes a handle at midnight; that part is a hypothesis (see below).</p>
<h2>Related</h2>
<p>The same mechanism is described in a third-party fork (not upstream; I have not run their builds):</p>
<ul>
<li>https://github.com/tk1114632/CounterStrikeSharp/pull/1 : <code>RTLD_DEEPBIND</code> preload to pair <code>new/delete</code> inside the .NET runtime. Reported as rejected because it caused <code>free(): invalid pointer</code> at the CSS native boundary.</li>
<li>https://github.com/tk1114632/CounterStrikeSharp/pull/2 : reverting the runtime to .NET 8, described as the mitigation that stayed stable ("libcoreclr of .NET 8 keeps plain operator new/delete internal"). Their PR text mentions "je_calloc region" and fault addresses below <code>0x200000</code>, which matches our dump 2 (<code>0xca60</code>).</li>
</ul>
<h2>Hypothesis (not proven)</h2>
<ul>
<li>On .NET 10, <code>libcoreclr</code> imports the plain <code>operator new/delete</code> (table above) and <code>libtier0.so</code>, loaded first, provides them. An object that libcoreclr allocates through glibc but frees through the imported <code>delete</code> ends up in tier0's allocator with a foreign pointer, which either crashes immediately (dumps above) or silently corrupts allocator metadata and crashes later.</li>
<li><code>SharedMemoryProcessDataHeader</code> (named mutex) is one such object: dump 1 shows a glibc-arena chunk being released by tier0 code. Every close of a named mutex handle would be a mismatched free. The daily log rollover (new mutex for the new day, old one released) is the only midnight-related event we found; it would explain why crashes cluster right after 00:00 while some nights survive.</li>
<li>Caveat: 8.0.3 also imports the <code>nothrow</code> <code>new</code> variants, so the import lists alone do not prove the mismatch; they are consistent with the fork's explanation.</li>
</ul>
<h2>What I would like to ask</h2>
<ol>
<li>Is this a known problem? Does upstream see it in other .NET 10 deployments?</li>
<li>Would it be possible to avoid the named-mutex (<code>PAL SharedMemory</code>) path, e.g. by not using Serilog's shared file mode (<code>shared: false</code>), or by adding a config option for it? (Untested on our side, and other mismatched frees may exist elsewhere in the runtime.)</li>
<li>Is a build on .NET 8 with the current game/schema compatibility something you would consider, or is there a better way to make the <code>new/delete</code> pairing consistent between coreclr and tier0?</li>
</ol>
<p>I can provide more gdb output on request. The full core dumps contain player IPs and server credentials, so I cannot attach them publicly, but I can run any command against them.</p>
<h2>How to reproduce</h2>
<p>Not deterministic. 64-slot server with a busy plugin set, .NET 10 build, uptime from hours to days; crashes cluster in the first hour after local midnight and around map changes with many players reconnecting.</p></body></html>
</body>
</html>

**Comment by Mesharsky** [comment]
I had the same issue across several servers on CSS 1.0.374 / .NET 10.0.3, including crashes during map changes. The dumps showed the same `SharedMemoryProcessDataHeader::Close` path into `libtier0.so`.

I fixed it on my end with a patched `Serilog.Sinks.File.dll` that uses Linux file locking instead of the named mutex for shared logs. Both individual plugin logs and `log-all` still work. No crashes since applying it across my servers.

The patch only replaces the logging dependency

Attached a patch for linux, replace this file `game/csgo/addons/counterstrikesharp/api/Serilog.Sinks.File.dll`

[api.zip](https://github.com/user-attachments/files/32478820/api.zip)

@roflmuffin This could be fixed in CSS directly.
